<?xml version="1.0" encoding="UTF-8"?>
<!-- Generated by org.testng.reporters.JUnitXMLReporter -->
<testsuite ignored="0" hostname="Admin-PC" failures="0" tests="3" name="Default test" time="13.1" errors="0" timestamp="2026-09-04T23:34:26 IST">
  <testcase classname="dataprovider.DataProviderDemo" name="testLogin" time="4.061"/>
  <testcase classname="dataprovider.DataProviderDemo" name="testLogin" time="3.137"/>
  <testcase classname="dataprovider.DataProviderDemo" name="testLogin" time="3.071"/>
</testsuite> <!-- Default test -->
