<?xml version="1.0" encoding="UTF-8"?>
<!-- Generated by org.testng.reporters.JUnitXMLReporter -->
<testsuite ignored="0" hostname="Admin-PC" failures="0" tests="3" name="chrometest" time="13.174" errors="0" timestamp="2026-09-05T10:36:46 IST">
  <testcase classname="dataprovider.ParamTest" name="testLogo" time="0.328"/>
  <testcase classname="dataprovider.ParamTest" name="testTitle" time="0.16"/>
  <testcase classname="dataprovider.ParamTest" name="testUrl" time="0.104"/>
</testsuite> <!-- chrometest -->
