<?xml version="1.0" encoding="UTF-8"?>
<!-- Generated by org.testng.reporters.JUnitXMLReporter -->
<testsuite ignored="0" hostname="Admin-PC" failures="0" tests="3" name="edgetest" time="13.399" errors="0" timestamp="2026-09-05T10:36:47 IST">
  <testcase classname="dataprovider.ParamTest" name="testLogo" time="0.084"/>
  <testcase classname="dataprovider.ParamTest" name="testTitle" time="0.024"/>
  <testcase classname="dataprovider.ParamTest" name="testUrl" time="0.017"/>
</testsuite> <!-- edgetest -->
