<?xml version="1.0" encoding="UTF-8"?>
<!-- Generated by org.testng.reporters.JUnitXMLReporter -->
<testsuite ignored="0" hostname="Admin-PC" failures="0" tests="3" name="firefoxtest" time="19.683" errors="0" timestamp="2026-09-05T10:36:53 IST">
  <testcase classname="dataprovider.ParamTest" name="testLogo" time="0.068"/>
  <testcase classname="dataprovider.ParamTest" name="testTitle" time="0.008"/>
  <testcase classname="dataprovider.ParamTest" name="testUrl" time="0.008"/>
</testsuite> <!-- firefoxtest -->
