<?xml version="1.0" encoding="UTF-8"?>
<!-- Generated by org.testng.reporters.JUnitXMLReporter -->
<testsuite ignored="0" hostname="Admin-PC" failures="0" tests="3" name="Test3" time="15.853" errors="0" timestamp="2026-09-05T00:18:51 IST">
  <testcase classname="dataprovider.ParamTest" name="testLogo" time="0.051"/>
  <testcase classname="dataprovider.ParamTest" name="testTitle" time="0.008"/>
  <testcase classname="dataprovider.ParamTest" name="testUrl" time="0.009"/>
</testsuite> <!-- Test3 -->
