<?xml version="1.0" encoding="UTF-8"?>
<!-- Generated by org.testng.reporters.JUnitXMLReporter -->
<testsuite ignored="0" hostname="Admin-PC" failures="0" tests="3" name="Test1" time="9.703" errors="0" timestamp="2026-09-05T00:18:25 IST">
  <testcase classname="dataprovider.ParamTest" name="testLogo" time="0.065"/>
  <testcase classname="dataprovider.ParamTest" name="testTitle" time="0.012"/>
  <testcase classname="dataprovider.ParamTest" name="testUrl" time="0.013"/>
</testsuite> <!-- Test1 -->
