<?xml version="1.0" encoding="UTF-8"?>
<!-- Generated by org.testng.reporters.JUnitXMLReporter -->
<testsuite ignored="0" hostname="Admin-PC" failures="1" tests="3" name="Test" time="12.722" errors="0" timestamp="2026-09-05T14:06:39 IST">
  <testcase classname="testngListeners.OrangeHRMTest" name="testLogo" time="3.084"/>
  <testcase classname="testngListeners.OrangeHRMTest" name="testappurl" time="0.022">
    <failure type="java.lang.AssertionError" message="expected [https://opensource-demo.orangehrmlive.com/web/index.php/auth/logindfe] but found [https://opensource-demo.orangehrmlive.com/web/index.php/auth/login]">
      <![CDATA[java.lang.AssertionError: expected [https://opensource-demo.orangehrmlive.com/web/index.php/auth/logindfe] but found [https://opensource-demo.orangehrmlive.com/web/index.php/auth/login]
at testngListeners.OrangeHRMTest.testappurl(OrangeHRMTest.java:38)
at java.base/java.util.ArrayList.forEach(ArrayList.java:1511)
... Removed 33 stack frames]]>
    </failure>
  </testcase> <!-- testappurl -->
  <testcase classname="testngListeners.OrangeHRMTest" name="testhomepageTitle" time="0.001">
    <skipped/>
  </testcase> <!-- testhomepageTitle -->
</testsuite> <!-- Test -->
