<?xml version="1.0" encoding="UTF-8"?>
<!-- Generated by org.testng.reporters.JUnitXMLReporter -->
<testsuite ignored="6" hostname="Admin-PC" failures="0" tests="2" name="Test" time="0.135" errors="0" timestamp="2026-09-04T18:18:08 IST">
  <testcase classname="grouping.PaymentTest" name="paymentInRuppes" time="0.016"/>
  <testcase classname="grouping.PaymentTest" name="paymentInDollrs" time="0.004"/>
  <testcase classname="grouping.SignUpTest" name="signUpTwitter" time="0.0">
    <ignored/>
  </testcase> <!-- signUpTwitter -->
  <testcase classname="grouping.SignUpTest" name="signUpByFb" time="0.0">
    <ignored/>
  </testcase> <!-- signUpByFb -->
  <testcase classname="grouping.LoginTests" name="loginByTwitter" time="0.0">
    <ignored/>
  </testcase> <!-- loginByTwitter -->
  <testcase classname="grouping.LoginTests" name="loginByEmail" time="0.0">
    <ignored/>
  </testcase> <!-- loginByEmail -->
  <testcase classname="grouping.LoginTests" name="loginByFb" time="0.0">
    <ignored/>
  </testcase> <!-- loginByFb -->
  <testcase classname="grouping.SignUpTest" name="signupByEmail" time="0.0">
    <ignored/>
  </testcase> <!-- signupByEmail -->
</testsuite> <!-- Test -->
