<?xml version="1.0" encoding="UTF-8"?>
<testng-results ignored="0" total="3" passed="3" failed="0" skipped="0">
  <reporter-output>
  </reporter-output>
  <suite started-at="2026-09-04T23:34:13 IST" name="Default suite" finished-at="2026-09-04T23:34:26 IST" duration-ms="13100">
    <groups>
    </groups>
    <test started-at="2026-09-04T23:34:13 IST" name="Default test" finished-at="2026-09-04T23:34:26 IST" duration-ms="13100">
      <class name="dataprovider.DataProviderDemo">
        <test-method is-config="true" signature="setUp()[pri:0, instance:dataprovider.DataProviderDemo@77c2494c]" started-at="2026-09-04T23:34:13 IST" name="setUp" finished-at="2026-09-04T23:34:16 IST" duration-ms="2492" status="PASS">
          <reporter-output>
          </reporter-output>
        </test-method> <!-- setUp -->
        <test-method signature="testLogin(java.lang.String,java.lang.String)[pri:0, instance:dataprovider.DataProviderDemo@77c2494c]" started-at="2026-09-04T23:34:16 IST" name="testLogin" data-provider="dp" finished-at="2026-09-04T23:34:20 IST" duration-ms="4061" status="PASS">
          <params>
            <param index="0">
              <value>
                <![CDATA[dipalipatil23@gmail.com]]>
              </value>
            </param>
            <param index="1">
              <value>
                <![CDATA[12345]]>
              </value>
            </param>
          </params>
          <reporter-output>
          </reporter-output>
        </test-method> <!-- testLogin -->
        <test-method signature="testLogin(java.lang.String,java.lang.String)[pri:0, instance:dataprovider.DataProviderDemo@77c2494c]" started-at="2026-09-04T23:34:20 IST" name="testLogin" data-provider="dp" finished-at="2026-09-04T23:34:23 IST" duration-ms="3137" status="PASS">
          <params>
            <param index="0">
              <value>
                <![CDATA[dip123@gmail.com]]>
              </value>
            </param>
            <param index="1">
              <value>
                <![CDATA[1234]]>
              </value>
            </param>
          </params>
          <reporter-output>
          </reporter-output>
        </test-method> <!-- testLogin -->
        <test-method signature="testLogin(java.lang.String,java.lang.String)[pri:0, instance:dataprovider.DataProviderDemo@77c2494c]" started-at="2026-09-04T23:34:23 IST" name="testLogin" data-provider="dp" finished-at="2026-09-04T23:34:26 IST" duration-ms="3071" status="PASS">
          <params>
            <param index="0">
              <value>
                <![CDATA[dipalipatil23@gmail.com]]>
              </value>
            </param>
            <param index="1">
              <value>
                <![CDATA[12345]]>
              </value>
            </param>
          </params>
          <reporter-output>
          </reporter-output>
        </test-method> <!-- testLogin -->
        <test-method is-config="true" signature="tearDown()[pri:0, instance:dataprovider.DataProviderDemo@77c2494c]" started-at="2026-09-04T23:34:26 IST" name="tearDown" finished-at="2026-09-04T23:34:26 IST" duration-ms="242" status="PASS">
          <reporter-output>
          </reporter-output>
        </test-method> <!-- tearDown -->
      </class> <!-- dataprovider.DataProviderDemo -->
    </test> <!-- Default test -->
  </suite> <!-- Default suite -->
</testng-results>
