<?xml version="1.0" encoding="UTF-8"?>
<testng-results ignored="0" total="1" passed="1" failed="0" skipped="0">
  <reporter-output>
  </reporter-output>
  <suite started-at="2026-09-05T19:36:20 IST" name="Suite" finished-at="2026-09-05T19:36:33 IST" duration-ms="13051">
    <groups>
    </groups>
    <test started-at="2026-09-05T19:36:20 IST" name="Test" finished-at="2026-09-05T19:36:33 IST" duration-ms="13051">
      <class name="pageobjectmodel.LoginTest">
        <test-method is-config="true" signature="setup()[pri:0, instance:pageobjectmodel.LoginTest@2f4948e4]" started-at="2026-09-05T19:36:20 IST" name="setup" finished-at="2026-09-05T19:36:29 IST" duration-ms="9073" status="PASS">
          <reporter-output>
          </reporter-output>
        </test-method> <!-- setup -->
        <test-method signature="testLogin()[pri:0, instance:pageobjectmodel.LoginTest@2f4948e4]" started-at="2026-09-05T19:36:30 IST" name="testLogin" finished-at="2026-09-05T19:36:32 IST" duration-ms="1926" status="PASS">
          <reporter-output>
          </reporter-output>
        </test-method> <!-- testLogin -->
        <test-method is-config="true" signature="tearDown()[pri:0, instance:pageobjectmodel.LoginTest@2f4948e4]" started-at="2026-09-05T19:36:32 IST" name="tearDown" finished-at="2026-09-05T19:36:33 IST" duration-ms="491" status="PASS">
          <reporter-output>
          </reporter-output>
        </test-method> <!-- tearDown -->
      </class> <!-- pageobjectmodel.LoginTest -->
    </test> <!-- Test -->
  </suite> <!-- Suite -->
</testng-results>
