<?xml version="1.0" encoding="UTF-8"?>
<!-- Generated by org.testng.reporters.JUnitReportReporter -->
<testsuite hostname="Admin-PC" failures="0" tests="2" name="testngprograms.annotationsdemo.AnnotationDemo1" time="0.038" errors="0" timestamp="2026-09-04T15:11:15 IST" skipped="0">
  <testcase classname="testngprograms.annotationsdemo.AnnotationDemo1" name="testSearch" time="0.023"/>
  <testcase classname="testngprograms.annotationsdemo.AnnotationDemo1" name="testAdvSearch" time="0.015"/>
</testsuite> <!-- testngprograms.annotationsdemo.AnnotationDemo1 -->
