<?xml version="1.0" encoding="UTF-8"?>
<!-- Generated by org.testng.reporters.JUnitReportReporter -->
<testsuite hostname="Admin-PC" failures="0" tests="9" name="dataprovider.ParamTest" time="0.801" errors="0" timestamp="2026-09-05T10:36:53 IST" skipped="0">
  <testcase classname="dataprovider.ParamTest" name="testLogo" time="0.328"/>
  <testcase classname="dataprovider.ParamTest" name="testLogo" time="0.084"/>
  <testcase classname="dataprovider.ParamTest" name="testLogo" time="0.068"/>
  <testcase classname="dataprovider.ParamTest" name="testTitle" time="0.024"/>
  <testcase classname="dataprovider.ParamTest" name="testTitle" time="0.008"/>
  <testcase classname="dataprovider.ParamTest" name="testTitle" time="0.160"/>
  <testcase classname="dataprovider.ParamTest" name="testUrl" time="0.104"/>
  <testcase classname="dataprovider.ParamTest" name="testUrl" time="0.008"/>
  <testcase classname="dataprovider.ParamTest" name="testUrl" time="0.017"/>
</testsuite> <!-- dataprovider.ParamTest -->
