<?xml version="1.0" encoding="UTF-8"?>
<!-- Generated by org.testng.reporters.JUnitReportReporter -->
<testsuite hostname="Admin-PC" failures="0" tests="4" name="testngprograms.OrangeHRMTest" time="10.477" errors="0" timestamp="2026-09-04T14:54:36 IST" skipped="0">
  <testcase classname="testngprograms.OrangeHRMTest" name="openapp" time="6.954"/>
  <testcase classname="testngprograms.OrangeHRMTest" name="testLogo" time="3.095"/>
  <testcase classname="testngprograms.OrangeHRMTest" name="testLogin" time="0.239"/>
  <testcase classname="testngprograms.OrangeHRMTest" name="testLogout" time="0.189"/>
</testsuite> <!-- testngprograms.OrangeHRMTest -->
