<?xml version="1.0" encoding="UTF-8"?>
<!-- Generated by org.testng.reporters.JUnitReportReporter -->
<testsuite hostname="Admin-PC" failures="0" tests="3" name="grouping.SignUpTest" time="0.015" errors="0" timestamp="2026-09-04T18:16:44 IST" skipped="0">
  <testcase classname="grouping.SignUpTest" name="signupByEmail" time="0.004"/>
  <testcase classname="grouping.SignUpTest" name="signUpByFb" time="0.003"/>
  <testcase classname="grouping.SignUpTest" name="signUpTwitter" time="0.008"/>
</testsuite> <!-- grouping.SignUpTest -->
