<?xml version="1.0" encoding="UTF-8"?>
<!-- Generated by org.testng.reporters.JUnitReportReporter -->
<testsuite hostname="Admin-PC" failures="0" tests="2" name="testngprograms.annotationsdemo.AnnotationDEmo2" time="0.015" errors="0" timestamp="2026-09-04T15:20:26 IST" skipped="0">
  <testcase classname="testngprograms.annotationsdemo.AnnotationDEmo2" name="Search" time="0.011"/>
  <testcase classname="testngprograms.annotationsdemo.AnnotationDEmo2" name="AdvSearch" time="0.004"/>
</testsuite> <!-- testngprograms.annotationsdemo.AnnotationDEmo2 -->
