<?xml version="1.0" encoding="UTF-8"?>
<!-- Generated by org.testng.reporters.JUnitReportReporter -->
<testsuite hostname="Admin-PC" failures="0" tests="3" name="testngprograms.FirstTestCase" time="0.025" errors="0" timestamp="2026-09-04T14:54:36 IST" skipped="0">
  <testcase classname="testngprograms.FirstTestCase" name="openapp" time="0.015"/>
  <testcase classname="testngprograms.FirstTestCase" name="login" time="0.007"/>
  <testcase classname="testngprograms.FirstTestCase" name="logout" time="0.003"/>
</testsuite> <!-- testngprograms.FirstTestCase -->
