<?xml version="1.0" encoding="UTF-8"?>
<!-- Generated by org.testng.reporters.JUnitReportReporter -->
<testsuite hostname="Admin-PC" failures="0" tests="3" name="grouping.LoginTests" time="0.021" errors="0" timestamp="2026-09-04T18:16:44 IST" skipped="0">
  <testcase classname="grouping.LoginTests" name="loginByEmail" time="0.013"/>
  <testcase classname="grouping.LoginTests" name="loginByFb" time="0.003"/>
  <testcase classname="grouping.LoginTests" name="loginByTwitter" time="0.005"/>
</testsuite> <!-- grouping.LoginTests -->
