<?xml version="1.0" encoding="UTF-8"?>
<!-- Generated by org.testng.reporters.JUnitReportReporter -->
<testsuite hostname="Admin-PC" failures="0" tests="3" name="dataprovider.DataProviderDemo" time="10.269" errors="0" timestamp="2026-09-04T23:34:27 IST" skipped="0">
  <testcase classname="dataprovider.DataProviderDemo" name="testLogin" time="3.137"/>
  <testcase classname="dataprovider.DataProviderDemo" name="testLogin" time="3.071"/>
  <testcase classname="dataprovider.DataProviderDemo" name="testLogin" time="4.061"/>
</testsuite> <!-- dataprovider.DataProviderDemo -->
