<?xml version="1.0" encoding="UTF-8"?>
<!-- Generated by org.testng.reporters.JUnitXMLReporter -->
<testsuite ignored="0" hostname="Admin-PC" failures="0" tests="7" name="Mytest" time="8.96" errors="0" timestamp="2026-09-04T14:34:14 IST">
  <testcase classname="testngprograms.OrangeHRMTest" name="openapp" time="5.271"/>
  <testcase classname="testngprograms.OrangeHRMTest" name="testLogo" time="3.092"/>
  <testcase classname="testngprograms.OrangeHRMTest" name="testLogin" time="0.243"/>
  <testcase classname="testngprograms.OrangeHRMTest" name="testLogout" time="0.205"/>
  <testcase classname="testngprograms.FirstTestCase" name="openapp" time="0.004"/>
  <testcase classname="testngprograms.FirstTestCase" name="login" time="0.003"/>
  <testcase classname="testngprograms.FirstTestCase" name="logout" time="0.005"/>
</testsuite> <!-- Mytest -->
